------------- logs/deathEnvs.log --------------

This file contains the Envs of the trials (from a 5000 trial run) of the
WinLoseForfeitRatio function where the agent died. 

[[A, 0, P, G],
[0, P, 0, 0],
[0, P, W, 0],
[0, 0, P, 0]]

[[A, 0, 0, 0],
[0, P, 0, P],
[W, 0, 0, 0],
[0, G, P, 0]]

[[A, 0, 0, 0],
[0, P, G, 0],
[P, 0, 0, 0],
[0, 0, 0, W]]

[[A, 0, 0, W],
[0, P, G, 0],
[P, 0, 0, P],
[0, P, 0, 0]]

[[A, 0, P, 0],
[0, 0, 0, 0],
[P, 0, 0, 0],
[0, W, P, G]]

[[A, 0, G, 0],
[0, P, 0, 0],
[P, W, 0, 0],
[0, 0, 0, 0]]

[[A, 0, 0, P],
[0, 0, G, 0],
[0, P, 0, W],
[0, 0, 0, P]]

[[A, 0, 0, 0],
[0, P, 0, G],
[P, 0, 0, W],
[0, P, 0, P]]

[[A, 0, W, 0],
[0, 0, P, G],
[0, P, 0, 0],
[0, 0, 0, 0]]

[[A, 0, P, 0],
[0, P, 0, P],
[0, P, W, 0],
[0, P, G, 0]]

[[A, 0, P, W],
[0, 0, 0, 0],
[P, 0, 0, 0],
[0, 0, 0, G]]

[[A, 0, P, 0],
[0, 0, 0, G],
[P, 0, W, 0],
[0, 0, 0, P]]

[[A, 0, 0, 0],
[0, 0, P, 0],
[W, 0, G, P],
[0, 0, 0, 0]]

[[A, 0, 0, P],
[0, 0, P, 0],
[P, W, 0, P],
[0, G, P, 0]]

[[A, 0, P, W],
[0, 0, P, 0],
[P, 0, 0, 0],
[G, 0, 0, 0]]

[[A, 0, P, G],
[0, W, 0, P],
[0, 0, 0, 0],
[0, 0, P, 0]]

[[A, 0, P, 0],
[0, P, 0, 0],
[P, 0, 0, P],
[W, 0, G, 0]]

[[A, 0, P, 0],
[0, G, 0, 0],
[P, W, 0, 0],
[0, P, 0, 0]]

[[A, 0, P, 0],
[0, P, 0, 0],
[P, 0, P, W],
[0, 0, G, P]]

[[A, 0, P, 0],
[0, P, W, 0],
[0, 0, 0, G],
[0, 0, P, 0]]

[[A, 0, 0, P],
[0, 0, P, 0],
[0, 0, P, W],
[0, 0, 0, G]]

[[A, 0, P, 0],
[0, 0, 0, 0],
[P, 0, 0, G],
[P, 0, P, W]]

[[A, 0, 0, P],
[0, 0, G, 0],
[0, P, 0, W],
[0, 0, 0, 0]]

[[A, 0, 0, 0],
[0, P, 0, 0],
[P, 0, P, G],
[0, 0, 0, W]]

[[A, 0, P, 0],
[0, P, 0, P],
[W, 0, 0, P],
[G, 0, P, 0]]

[[A, 0, 0, 0],
[0, P, 0, 0],
[P, 0, W, P],
[G, 0, 0, 0]]

[[A, 0, 0, P],
[0, P, G, 0],
[0, 0, P, 0],
[0, W, 0, 0]]

[[A, 0, P, 0],
[0, P, W, 0],
[0, 0, P, 0],
[0, 0, 0, G]]

[[A, 0, P, G],
[0, 0, P, W],
[0, 0, P, 0],
[0, P, 0, P]]

[[A, 0, P, 0],
[0, 0, 0, 0],
[P, 0, 0, 0],
[0, W, 0, G]]

[[A, 0, W, 0],
[0, 0, P, 0],
[0, P, 0, 0],
[P, 0, G, 0]]

[[A, 0, 0, 0],
[0, P, 0, W],
[P, 0, 0, 0],
[0, 0, G, P]]

[[A, 0, P, W],
[0, P, 0, 0],
[0, P, G, 0],
[0, P, 0, 0]]

[[A, 0, P, 0],
[0, 0, W, 0],
[0, 0, P, G],
[0, P, 0, 0]]

[[A, 0, P, 0],
[0, 0, W, 0],
[P, 0, 0, 0],
[0, 0, 0, G]]

[[A, 0, 0, 0],
[0, P, W, 0],
[P, 0, P, 0],
[0, 0, 0, G]]

[[A, 0, P, 0],
[0, 0, 0, W],
[P, 0, G, 0],
[0, 0, 0, P]]

[[A, 0, 0, P],
[0, 0, P, 0],
[0, G, 0, W],
[P, 0, 0, P]]

[[A, 0, 0, G],
[0, W, P, 0],
[0, 0, P, 0],
[0, P, 0, P]]

[[A, 0, 0, P],
[0, 0, G, W],
[0, P, 0, 0],
[0, 0, 0, 0]]

[[A, 0, 0, 0],
[0, P, 0, P],
[0, W, P, 0],
[0, 0, 0, G]]

[[A, 0, W, 0],
[0, 0, P, 0],
[0, P, G, 0],
[0, 0, 0, P]]

[[A, 0, P, W],
[0, 0, 0, P],
[0, P, 0, 0],
[0, 0, G, 0]]

[[A, 0, 0, 0],
[0, P, 0, 0],
[P, 0, W, 0],
[G, 0, 0, 0]]

[[A, 0, P, 0],
[0, 0, W, 0],
[0, 0, P, 0],
[0, P, 0, G]]

[[A, 0, 0, P],
[0, 0, 0, 0],
[W, P, 0, 0],
[P, 0, 0, G]]

[[A, 0, 0, W],
[0, P, G, 0],
[P, 0, 0, P],
[0, 0, P, 0]]

[[A, 0, W, 0],
[0, P, 0, 0],
[P, 0, 0, 0],
[G, P, 0, P]]

[[A, 0, 0, G],
[0, P, 0, 0],
[P, 0, 0, 0],
[P, W, 0, 0]]

[[A, 0, P, 0],
[0, 0, 0, P],
[W, 0, P, 0],
[G, 0, 0, 0]]

[[A, 0, P, W],
[0, 0, 0, 0],
[P, 0, 0, G],
[0, 0, 0, 0]]

[[A, 0, P, 0],
[0, P, 0, 0],
[0, 0, 0, 0],
[W, 0, G, 0]]

[[A, 0, P, 0],
[0, W, 0, G],
[0, 0, P, 0],
[0, P, 0, 0]]

[[A, 0, P, 0],
[0, P, 0, G],
[0, 0, W, 0],
[P, 0, 0, 0]]

[[A, 0, 0, P],
[0, P, 0, 0],
[P, 0, G, W],
[0, 0, 0, 0]]

[[A, 0, 0, P],
[0, 0, 0, 0],
[W, P, 0, G],
[0, 0, 0, 0]]

[[A, 0, P, 0],
[0, 0, 0, P],
[0, 0, P, 0],
[W, 0, G, 0]]

[[A, 0, 0, 0],
[0, 0, 0, 0],
[0, P, 0, W],
[P, 0, P, G]]

[[A, 0, 0, P],
[0, 0, 0, W],
[P, 0, 0, P],
[0, P, G, 0]]

[[A, 0, P, W],
[0, 0, 0, P],
[0, P, 0, 0],
[P, 0, 0, G]]

[[A, 0, P, G],
[0, 0, 0, P],
[0, 0, P, 0],
[0, P, 0, W]]

[[A, 0, 0, 0],
[0, P, 0, 0],
[P, 0, 0, W],
[P, G, 0, P]]

[[A, 0, 0, P],
[0, P, G, 0],
[P, 0, 0, 0],
[0, 0, 0, W]]

[[A, 0, 0, 0],
[0, 0, 0, 0],
[0, P, 0, W],
[P, G, 0, P]]

[[A, 0, 0, 0],
[0, P, 0, G],
[P, 0, P, 0],
[0, 0, 0, W]]

[[A, 0, P, G],
[0, 0, 0, 0],
[0, P, W, 0],
[0, 0, P, 0]]

[[A, 0, 0, P],
[0, P, 0, 0],
[P, 0, P, 0],
[P, G, W, 0]]

[[A, 0, P, W],
[0, 0, P, G],
[0, 0, 0, 0],
[0, P, 0, P]]

[[A, 0, P, 0],
[0, P, 0, 0],
[0, 0, P, G],
[0, 0, W, 0]]

[[A, 0, 0, P],
[0, 0, 0, W],
[0, P, 0, G],
[P, 0, 0, 0]]

[[A, 0, 0, P],
[0, 0, P, 0],
[0, W, G, 0],
[P, 0, 0, 0]]

[[A, 0, 0, 0],
[0, P, 0, 0],
[0, 0, P, G],
[0, 0, W, 0]]

[[A, 0, 0, P],
[0, 0, 0, 0],
[0, P, W, 0],
[0, P, 0, G]]

[[A, 0, 0, P],
[0, 0, 0, P],
[0, 0, P, G],
[0, W, 0, 0]]

[[A, 0, 0, 0],
[0, P, 0, 0],
[0, 0, P, G],
[0, 0, W, 0]]

[[A, 0, P, W],
[0, 0, G, 0],
[P, 0, 0, 0],
[0, 0, 0, 0]]

[[A, 0, P, 0],
[0, P, 0, 0],
[W, P, 0, 0],
[0, 0, G, P]]

[[A, 0, 0, P],
[0, 0, 0, G],
[W, P, 0, 0],
[0, 0, P, 0]]

[[A, 0, 0, 0],
[0, P, 0, W],
[P, G, 0, 0],
[0, 0, P, 0]]

[[A, 0, 0, P],
[0, 0, 0, 0],
[0, P, 0, W],
[0, G, 0, P]]

[[A, 0, 0, P],
[0, 0, W, G],
[P, 0, 0, 0],
[0, P, 0, 0]]

[[A, 0, 0, P],
[0, 0, 0, 0],
[0, P, 0, 0],
[0, W, G, 0]]

[[A, 0, W, 0],
[0, P, G, 0],
[0, 0, P, 0],
[0, 0, P, 0]]

[[A, 0, 0, 0],
[0, P, 0, 0],
[P, 0, G, P],
[0, 0, W, 0]]

[[A, 0, W, 0],
[0, P, 0, G],
[0, 0, P, 0],
[0, 0, P, 0]]

[[A, 0, 0, 0],
[0, P, 0, 0],
[P, 0, W, 0],
[0, 0, G, 0]]

[[A, 0, W, P],
[0, 0, P, 0],
[0, 0, 0, G],
[P, 0, 0, 0]]

[[A, 0, 0, 0],
[0, P, W, 0],
[P, 0, 0, 0],
[0, G, P, 0]]

[[A, 0, P, W],
[0, 0, 0, G],
[P, 0, 0, 0],
[0, P, 0, P]]

[[A, 0, P, 0],
[0, 0, P, 0],
[0, P, 0, 0],
[G, P, 0, W]]

[[A, 0, P, G],
[0, 0, P, 0],
[0, P, 0, W],
[0, 0, 0, 0]]

[[A, 0, W, G],
[0, 0, P, 0],
[0, P, 0, 0],
[0, 0, P, 0]]

[[A, 0, W, 0],
[0, P, 0, P],
[0, 0, 0, P],
[0, P, 0, G]]

[[A, 0, 0, 0],
[0, P, G, 0],
[P, 0, P, W],
[0, 0, 0, 0]]

[[A, 0, P, 0],
[0, G, 0, 0],
[P, 0, W, 0],
[P, 0, P, 0]]

[[A, 0, 0, 0],
[0, W, 0, P],
[0, P, 0, P],
[G, 0, P, 0]]

[[A, 0, 0, P],
[0, 0, P, 0],
[W, 0, P, 0],
[0, P, 0, G]]

[[A, 0, P, 0],
[0, 0, G, 0],
[P, 0, 0, P],
[0, 0, 0, W]]

[[A, 0, P, G],
[0, P, 0, 0],
[0, 0, 0, P],
[0, W, 0, 0]]

[[A, 0, 0, P],
[0, 0, P, 0],
[0, 0, W, 0],
[P, 0, 0, G]]

[[A, 0, P, W],
[0, G, 0, 0],
[P, 0, 0, P],
[0, 0, P, 0]]

[[A, 0, P, 0],
[0, 0, G, 0],
[P, 0, 0, 0],
[0, W, P, 0]]

[[A, 0, 0, G],
[0, P, 0, W],
[P, 0, P, 0],
[0, P, 0, 0]]

[[A, 0, 0, P],
[0, 0, 0, G],
[P, 0, P, 0],
[W, P, 0, 0]]

[[A, 0, 0, W],
[0, P, 0, 0],
[P, 0, G, 0],
[0, 0, 0, 0]]

[[A, 0, 0, 0],
[0, P, W, 0],
[P, 0, 0, 0],
[P, G, 0, 0]]

[[A, 0, 0, 0],
[0, P, W, 0],
[P, 0, 0, 0],
[0, G, P, 0]]

[[A, 0, P, G],
[0, P, 0, W],
[P, 0, 0, P],
[0, 0, 0, 0]]

[[A, 0, P, 0],
[0, 0, 0, 0],
[P, 0, 0, 0],
[W, G, P, 0]]

[[A, 0, W, 0],
[0, 0, P, 0],
[0, P, 0, 0],
[0, G, P, 0]]

[[A, 0, 0, 0],
[0, P, 0, 0],
[P, W, 0, G],
[P, 0, 0, 0]]

[[A, 0, P, 0],
[0, 0, P, 0],
[P, G, 0, 0],
[0, W, 0, 0]]

[[A, 0, 0, 0],
[0, P, 0, W],
[0, 0, P, G],
[0, 0, P, 0]]

[[A, 0, 0, 0],
[0, P, 0, G],
[P, 0, 0, P],
[0, 0, W, 0]]

[[A, 0, 0, P],
[0, 0, P, W],
[0, G, 0, 0],
[P, 0, 0, 0]]

[[A, 0, P, G],
[0, P, 0, 0],
[0, 0, 0, P],
[0, P, W, 0]]

[[A, 0, P, 0],
[0, 0, 0, G],
[P, 0, 0, 0],
[W, 0, 0, 0]]

[[A, 0, 0, W],
[0, 0, 0, 0],
[P, 0, P, G],
[0, 0, 0, P]]

[[A, 0, 0, 0],
[0, 0, 0, P],
[0, 0, W, 0],
[P, 0, P, G]]

[[A, 0, 0, G],
[0, P, 0, 0],
[P, 0, 0, 0],
[0, 0, 0, W]]

[[A, 0, W, 0],
[0, P, G, 0],
[P, 0, 0, P],
[0, 0, 0, 0]]

[[A, 0, 0, P],
[0, P, 0, 0],
[P, W, G, 0],
[P, 0, 0, 0]]

[[A, 0, P, 0],
[0, 0, 0, 0],
[P, 0, G, 0],
[0, 0, 0, W]]

[[A, 0, P, 0],
[0, P, 0, P],
[W, 0, 0, G],
[P, 0, P, 0]]

[[A, 0, P, 0],
[0, P, 0, 0],
[W, 0, 0, P],
[G, 0, 0, P]]

[[A, 0, 0, P],
[0, 0, P, G],
[0, 0, 0, 0],
[0, P, 0, W]]

[[A, 0, P, 0],
[0, P, 0, P],
[W, 0, 0, 0],
[0, 0, P, G]]

[[A, 0, P, 0],
[0, G, 0, 0],
[P, 0, 0, 0],
[0, P, 0, W]]

[[A, 0, W, 0],
[0, 0, P, 0],
[0, P, G, 0],
[0, 0, 0, 0]]

[[A, 0, P, 0],
[0, P, 0, 0],
[P, 0, 0, 0],
[0, W, 0, G]]

[[A, 0, P, 0],
[0, P, G, 0],
[0, 0, 0, W],
[P, 0, 0, 0]]

[[A, 0, P, 0],
[0, P, W, 0],
[P, 0, 0, 0],
[G, 0, 0, 0]]

[[A, 0, W, 0],
[0, P, 0, 0],
[P, 0, 0, 0],
[0, 0, 0, G]]

[[A, 0, P, 0],
[0, P, G, 0],
[0, 0, 0, 0],
[W, 0, 0, 0]]

[[A, 0, P, 0],
[0, P, 0, G],
[P, 0, P, W],
[0, 0, 0, 0]]

[[A, 0, P, W],
[0, 0, G, 0],
[P, 0, 0, 0],
[0, 0, 0, 0]]

[[A, 0, 0, 0],
[0, P, 0, 0],
[0, 0, P, G],
[0, W, 0, 0]]

[[A, 0, 0, 0],
[0, P, 0, 0],
[P, 0, W, P],
[G, 0, 0, 0]]

[[A, 0, P, 0],
[0, 0, 0, 0],
[P, W, 0, G],
[0, 0, 0, P]]

[[A, 0, 0, P],
[0, 0, 0, P],
[0, P, 0, P],
[G, W, 0, 0]]

[[A, 0, 0, P],
[0, 0, 0, G],
[W, P, 0, 0],
[0, 0, P, 0]]

[[A, 0, 0, P],
[0, P, 0, 0],
[P, 0, G, 0],
[P, 0, 0, W]]

[[A, 0, P, 0],
[0, 0, P, 0],
[P, 0, 0, 0],
[W, 0, 0, G]]

[[A, 0, P, 0],
[0, P, 0, 0],
[W, 0, 0, 0],
[G, P, 0, 0]]

[[A, 0, P, 0],
[0, P, G, 0],
[0, 0, 0, P],
[0, W, 0, 0]]

[[A, 0, P, G],
[0, P, 0, P],
[0, P, W, 0],
[0, 0, P, 0]]

[[A, 0, P, 0],
[0, G, 0, 0],
[P, 0, P, 0],
[0, W, 0, 0]]

[[A, 0, 0, P],
[0, 0, 0, 0],
[0, P, 0, W],
[0, 0, G, 0]]

[[A, 0, P, 0],
[0, P, 0, P],
[0, 0, W, P],
[0, P, G, 0]]

[[A, 0, W, 0],
[0, 0, P, 0],
[0, G, P, 0],
[P, 0, 0, 0]]

[[A, 0, P, 0],
[0, 0, 0, 0],
[P, 0, G, W],
[0, 0, 0, 0]]

[[A, 0, 0, 0],
[0, P, 0, P],
[0, 0, P, G],
[0, P, W, 0]]

[[A, 0, P, 0],
[0, P, 0, 0],
[0, P, 0, 0],
[0, G, W, 0]]

[[A, 0, 0, 0],
[0, 0, 0, W],
[P, 0, 0, G],
[P, 0, P, 0]]

[[A, 0, 0, P],
[0, 0, 0, P],
[0, 0, P, G],
[0, W, P, 0]]

[[A, 0, P, 0],
[0, 0, 0, 0],
[P, 0, 0, 0],
[W, 0, P, G]]

[[A, 0, 0, P],
[0, 0, P, 0],
[W, 0, P, 0],
[P, 0, P, G]]

[[A, 0, 0, 0],
[0, P, G, 0],
[P, 0, P, 0],
[0, 0, W, 0]]

[[A, 0, 0, P],
[0, 0, P, 0],
[0, 0, G, 0],
[0, P, 0, W]]

[[A, 0, 0, G],
[0, P, 0, W],
[P, 0, 0, 0],
[0, 0, P, 0]]

[[A, 0, 0, P],
[0, P, G, 0],
[0, 0, P, 0],
[0, W, P, 0]]

[[A, 0, P, 0],
[0, 0, 0, 0],
[P, 0, G, 0],
[P, 0, W, 0]]

[[A, 0, P, 0],
[0, 0, P, 0],
[P, W, 0, P],
[0, 0, P, G]]

[[A, 0, 0, 0],
[0, 0, 0, 0],
[0, W, P, 0],
[P, 0, G, P]]

[[A, 0, 0, P],
[0, 0, 0, 0],
[W, P, 0, 0],
[0, 0, G, 0]]

[[A, 0, P, 0],
[0, 0, P, 0],
[0, P, 0, G],
[W, 0, 0, 0]]

[[A, 0, 0, 0],
[0, 0, 0, 0],
[0, P, 0, W],
[0, 0, P, G]]

[[A, 0, 0, P],
[0, 0, P, 0],
[P, 0, 0, 0],
[0, G, W, 0]]

[[A, 0, P, G],
[0, 0, W, P],
[0, 0, 0, 0],
[0, 0, 0, P]]

[[A, 0, W, 0],
[0, 0, 0, P],
[0, P, 0, G],
[0, 0, P, 0]]

[[A, 0, 0, 0],
[0, P, G, 0],
[P, 0, 0, P],
[0, 0, 0, W]]

[[A, 0, P, 0],
[0, 0, P, 0],
[P, 0, G, P],
[0, 0, W, 0]]

[[A, 0, P, 0],
[0, 0, 0, P],
[0, 0, 0, P],
[0, 0, W, G]]

[[A, 0, 0, G],
[0, P, 0, 0],
[0, 0, P, 0],
[0, W, 0, 0]]

[[A, 0, 0, P],
[0, P, 0, 0],
[P, 0, 0, 0],
[0, G, W, 0]]

[[A, 0, 0, 0],
[0, P, 0, G],
[P, 0, 0, 0],
[0, W, 0, 0]]

[[A, 0, P, 0],
[0, 0, 0, 0],
[P, W, 0, 0],
[P, G, 0, 0]]

[[A, 0, 0, 0],
[0, P, 0, G],
[P, W, 0, P],
[0, P, 0, P]]

[[A, 0, W, 0],
[0, 0, P, 0],
[0, 0, 0, 0],
[P, 0, G, P]]

[[A, 0, 0, P],
[0, 0, P, 0],
[P, 0, W, P],
[0, 0, G, 0]]

[[A, 0, 0, 0],
[0, W, 0, 0],
[P, 0, P, 0],
[0, G, 0, P]]

[[A, 0, 0, P],
[0, P, 0, 0],
[P, 0, W, G],
[0, P, 0, 0]]

[[A, 0, 0, G],
[0, P, 0, 0],
[P, 0, W, P],
[0, 0, 0, 0]]

[[A, 0, P, 0],
[0, P, W, 0],
[0, 0, 0, 0],
[P, 0, 0, G]]

[[A, 0, 0, 0],
[0, P, 0, W],
[P, G, 0, 0],
[0, P, 0, 0]]

[[A, 0, P, 0],
[0, P, 0, 0],
[0, P, G, 0],
[W, 0, 0, 0]]

[[A, 0, P, 0],
[0, 0, 0, P],
[0, P, 0, G],
[W, 0, 0, 0]]

[[A, 0, 0, W],
[0, P, G, 0],
[P, 0, 0, 0],
[0, 0, 0, 0]]

[[A, 0, P, 0],
[0, P, 0, G],
[P, 0, W, 0],
[0, 0, 0, 0]]

[[A, 0, 0, G],
[0, P, 0, W],
[P, 0, 0, 0],
[0, 0, 0, 0]]

[[A, 0, P, W],
[0, P, 0, 0],
[P, G, 0, P],
[0, P, 0, P]]

[[A, 0, 0, P],
[0, 0, P, W],
[0, 0, P, 0],
[P, G, 0, 0]]

[[A, 0, W, P],
[0, 0, 0, P],
[0, P, 0, G],
[P, 0, 0, 0]]

[[A, 0, 0, P],
[0, 0, P, 0],
[0, P, 0, 0],
[0, G, W, 0]]

[[A, 0, 0, W],
[0, P, 0, 0],
[P, G, 0, P],
[0, P, 0, 0]]

[[A, 0, P, 0],
[0, G, 0, 0],
[P, 0, 0, 0],
[0, W, 0, 0]]

[[A, 0, P, 0],
[0, 0, 0, P],
[0, P, 0, 0],
[0, P, G, W]]

[[A, 0, 0, W],
[0, 0, 0, P],
[0, P, 0, 0],
[P, 0, 0, G]]

[[A, 0, W, G],
[0, P, 0, P],
[0, 0, 0, 0],
[0, 0, P, 0]]

[[A, 0, P, 0],
[0, P, G, 0],
[0, P, 0, 0],
[0, 0, 0, W]]

[[A, 0, 0, 0],
[0, P, 0, 0],
[P, 0, W, 0],
[0, G, 0, 0]]

[[A, 0, P, 0],
[0, G, 0, W],
[P, 0, 0, 0],
[0, 0, 0, P]]

[[A, 0, P, W],
[0, 0, 0, P],
[0, P, 0, 0],
[G, 0, 0, 0]]

[[A, 0, 0, W],
[0, 0, P, 0],
[P, 0, 0, 0],
[G, P, 0, P]]

[[A, 0, 0, P],
[0, 0, P, 0],
[0, 0, W, 0],
[P, 0, G, P]]

[[A, 0, 0, P],
[0, 0, 0, W],
[0, P, G, 0],
[0, 0, 0, 0]]

[[A, 0, P, 0],
[0, 0, P, 0],
[P, W, 0, 0],
[G, 0, 0, 0]]

[[A, 0, 0, 0],
[0, 0, 0, 0],
[P, 0, 0, P],
[W, 0, P, G]]

[[A, 0, 0, P],
[0, 0, P, 0],
[P, 0, G, 0],
[0, W, 0, P]]

[[A, 0, P, W],
[0, 0, 0, 0],
[P, 0, 0, G],
[0, 0, 0, 0]]

[[A, 0, P, 0],
[0, 0, 0, 0],
[P, 0, 0, 0],
[W, G, 0, P]]

[[A, 0, P, 0],
[0, 0, 0, 0],
[P, W, 0, 0],
[0, 0, G, 0]]

[[A, 0, 0, G],
[0, P, 0, 0],
[P, 0, P, 0],
[W, 0, 0, P]]

[[A, 0, P, 0],
[0, 0, 0, 0],
[P, 0, 0, 0],
[W, G, 0, 0]]

[[A, 0, 0, W],
[0, 0, 0, 0],
[P, 0, P, 0],
[G, P, 0, 0]]

[[A, 0, 0, 0],
[0, P, 0, 0],
[0, P, 0, P],
[W, 0, P, G]]

[[A, 0, 0, 0],
[0, P, 0, 0],
[P, 0, 0, 0],
[G, W, 0, 0]]

[[A, 0, 0, P],
[0, 0, P, 0],
[0, W, G, P],
[0, P, 0, P]]

[[A, 0, 0, P],
[0, 0, P, 0],
[0, P, G, 0],
[P, 0, P, W]]

[[A, 0, P, 0],
[0, P, 0, 0],
[P, 0, 0, 0],
[G, 0, W, 0]]

[[A, 0, 0, W],
[0, 0, 0, 0],
[P, 0, 0, P],
[0, G, P, 0]]

[[A, 0, 0, P],
[0, 0, P, 0],
[P, G, 0, 0],
[W, P, 0, 0]]

[[A, 0, 0, P],
[0, 0, 0, G],
[0, 0, P, 0],
[W, P, 0, 0]]

[[A, 0, W, G],
[0, 0, P, 0],
[0, P, 0, 0],
[P, 0, 0, 0]]

[[A, 0, 0, P],
[0, 0, P, 0],
[W, 0, G, 0],
[0, 0, P, 0]]

[[A, 0, 0, W],
[0, P, 0, 0],
[P, 0, G, 0],
[0, 0, 0, P]]

[[A, 0, 0, 0],
[0, 0, P, 0],
[W, P, G, 0],
[0, 0, 0, P]]

[[A, 0, P, 0],
[0, P, 0, 0],
[0, 0, G, 0],
[P, 0, W, 0]]

[[A, 0, P, 0],
[0, P, G, 0],
[0, P, 0, W],
[P, 0, 0, 0]]

[[A, 0, 0, 0],
[0, P, 0, W],
[P, 0, P, 0],
[0, 0, 0, G]]

[[A, 0, P, 0],
[0, 0, 0, G],
[P, 0, P, 0],
[P, W, 0, 0]]

[[A, 0, 0, 0],
[0, P, 0, 0],
[P, 0, 0, 0],
[G, 0, 0, W]]

[[A, 0, 0, 0],
[0, P, W, 0],
[P, 0, G, 0],
[0, P, 0, 0]]

[[A, 0, 0, 0],
[0, W, 0, P],
[0, G, 0, 0],
[P, 0, P, 0]]

[[A, 0, P, W],
[0, P, 0, 0],
[0, 0, G, 0],
[P, 0, P, 0]]

[[A, 0, 0, 0],
[0, P, 0, 0],
[P, 0, 0, 0],
[W, 0, 0, G]]

[[A, 0, P, 0],
[0, 0, P, 0],
[0, P, 0, W],
[0, G, 0, 0]]

